Initializing...
Done
1 0.9955 0.3247 6.56934 9.00e-04 1
2 0.28463 0.27199 6.18801 8.10e-04 1
3 0.26401 0.26879 6.21119 7.29e-04 1
4 0.2524 0.25518 6.13952 6.56e-04 1
5 0.24169 0.24342 6.17195 5.90e-04 1
6 0.23352 0.24717 6.25961 5.31e-04 1
7 0.22419 0.23967 6.33955 4.78e-04 1
8 0.21628 0.26014 6.18685 4.30e-04 1
9 0.20744 0.22635 6.27689 3.87e-04 1
10 0.20061 0.24333 6.41717 3.49e-04 1
11 0.19413 0.22652 6.18895 3.14e-04 1
12 0.1881 0.23137 6.14995 2.82e-04 1
13 0.18225 0.21008 6.17428 2.54e-04 1
14 0.17814 0.23506 6.11851 2.29e-04 1
15 0.17282 0.20997 6.10336 2.06e-04 1
16 0.1685 0.19076 6.0986 1.85e-04 1
17 0.16357 0.20058 6.12221 1.67e-04 1
18 0.1594 0.19549 6.18373 1.50e-04 1
19 0.15535 0.19077 6.12639 1.35e-04 1
20 0.15208 0.17509 6.11653 1.22e-04 1
21 0.1482 0.1753 6.45696 1.09e-04 1
22 0.14506 0.17967 6.11902 9.85e-05 1
23 0.1414 0.16929 6.11643 8.86e-05 1
24 0.13847 0.17429 6.12644 7.98e-05 1
25 0.13516 0.16521 6.65921 7.18e-05 1
26 0.1322 0.18382 6.12037 6.46e-05 1
27 0.13003 0.16265 6.11532 5.81e-05 1
28 0.12751 0.16616 6.11079 5.23e-05 1
29 0.12527 0.16938 6.9201 4.71e-05 1
30 0.12336 0.15611 6.77861 4.24e-05 1
31 0.12128 0.15484 6.40296 3.82e-05 1
32 0.11899 0.15183 6.2757 3.43e-05 1
33 0.11741 0.15493 6.24831 3.09e-05 1
34 0.11573 0.15481 6.38521 2.78e-05 1
35 0.11445 0.15044 6.33736 2.50e-05 1
36 0.11296 0.14959 6.38287 2.25e-05 1
37 0.11135 0.14703 6.30854 2.03e-05 1
38 0.11006 0.14515 6.31186 1.82e-05 1
srun: Job step aborted: Waiting up to 32 seconds for job step to finish.
slurmstepd: error: *** JOB 600554 ON cgpu16 CANCELLED AT 2020-05-04T14:45:48 DUE TO TIME LIMIT ***
slurmstepd: error: *** STEP 600554.0 ON cgpu16 CANCELLED AT 2020-05-04T14:45:48 DUE TO TIME LIMIT ***
